Creating new Ultralytics Settings v0.0.6 file ✅ 
View Ultralytics Settings with 'yolo settings' or at '/home/jaclin/.config/Ultralytics/settings.json'
Update Settings with 'yolo settings key=value', i.e. 'yolo settings runs_dir=path/to/dir'. For help see https://docs.ultralytics.com/quickstart/#ultralytics-settings.
Ultralytics 8.3.75 🚀 Python-3.12.1 torch-2.6.0+cu124 CUDA:0 (Tesla V100-PCIE-16GB, 16144MiB)
[34m[1mengine/trainer: [0mtask=detect, mode=train, model=yolo11n.pt, data=suas.yaml, epochs=100, time=None, patience=100, batch=16, imgsz=640, save=True, save_period=-1, cache=False, device=None, workers=8, project=None, name=train14, exist_ok=False, pretrained=True, optimizer=AdamW, verbose=True, seed=0, deterministic=True, single_cls=False, rect=False, cos_lr=False, close_mosaic=10, resume=False, amp=True, fraction=1.0, profile=False, freeze=None, multi_scale=False, overlap_mask=True, mask_ratio=4, dropout=0.0, val=True, split=val, save_json=False, save_hybrid=False, conf=None, iou=0.7, max_det=300, half=False, dnn=False, plots=True, source=None, vid_stride=1, stream_buffer=False, visualize=False, augment=False, agnostic_nms=False, classes=None, retina_masks=False, embed=None, show=False, save_frames=False, save_txt=False, save_conf=False, save_crop=False, show_labels=True, show_conf=True, show_boxes=True, line_width=None, format=torchscript, keras=False, optimize=False, int8=False, dynamic=False, simplify=True, opset=None, workspace=None, nms=False, lr0=0.01, lrf=0.01, momentum=0.937, weight_decay=0.0005, warmup_epochs=3.0, warmup_momentum=0.8, warmup_bias_lr=0.1, box=7.5, cls=0.5, dfl=1.5, pose=12.0, kobj=1.0, nbs=64, hsv_h=0.015, hsv_s=0.7, hsv_v=0.4, degrees=0.0, translate=0.1, scale=0.5, shear=0.0, perspective=0.0, flipud=0.0, fliplr=0.5, bgr=0.0, mosaic=1.0, mixup=0.0, copy_paste=0.0, copy_paste_mode=flip, auto_augment=randaugment, erasing=0.4, crop_fraction=1.0, cfg=None, tracker=botsort.yaml, save_dir=/home/jaclin/mfly_yolo/mfly_yolo/runs/detect/train14
Downloading https://ultralytics.com/assets/Arial.ttf to '/home/jaclin/.config/Ultralytics/Arial.ttf'...
Overriding model.yaml nc=80 with nc=15

                   from  n    params  module                                       arguments                     
  0                  -1  1       464  ultralytics.nn.modules.conv.Conv             [3, 16, 3, 2]                 
  1                  -1  1      4672  ultralytics.nn.modules.conv.Conv             [16, 32, 3, 2]                
  2                  -1  1      6640  ultralytics.nn.modules.block.C3k2            [32, 64, 1, False, 0.25]      
  3                  -1  1     36992  ultralytics.nn.modules.conv.Conv             [64, 64, 3, 2]                
  4                  -1  1     26080  ultralytics.nn.modules.block.C3k2            [64, 128, 1, False, 0.25]     
  5                  -1  1    147712  ultralytics.nn.modules.conv.Conv             [128, 128, 3, 2]              
  6                  -1  1     87040  ultralytics.nn.modules.block.C3k2            [128, 128, 1, True]           
  7                  -1  1    295424  ultralytics.nn.modules.conv.Conv             [128, 256, 3, 2]              
  8                  -1  1    346112  ultralytics.nn.modules.block.C3k2            [256, 256, 1, True]           
  9                  -1  1    164608  ultralytics.nn.modules.block.SPPF            [256, 256, 5]                 
 10                  -1  1    249728  ultralytics.nn.modules.block.C2PSA           [256, 256, 1]                 
 11                  -1  1         0  torch.nn.modules.upsampling.Upsample         [None, 2, 'nearest']          
 12             [-1, 6]  1         0  ultralytics.nn.modules.conv.Concat           [1]                           
 13                  -1  1    111296  ultralytics.nn.modules.block.C3k2            [384, 128, 1, False]          
 14                  -1  1         0  torch.nn.modules.upsampling.Upsample         [None, 2, 'nearest']          
 15             [-1, 4]  1         0  ultralytics.nn.modules.conv.Concat           [1]                           
 16                  -1  1     32096  ultralytics.nn.modules.block.C3k2            [256, 64, 1, False]           
 17                  -1  1     36992  ultralytics.nn.modules.conv.Conv             [64, 64, 3, 2]                
 18            [-1, 13]  1         0  ultralytics.nn.modules.conv.Concat           [1]                           
 19                  -1  1     86720  ultralytics.nn.modules.block.C3k2            [192, 128, 1, False]          
 20                  -1  1    147712  ultralytics.nn.modules.conv.Conv             [128, 128, 3, 2]              
 21            [-1, 10]  1         0  ultralytics.nn.modules.conv.Concat           [1]                           
 22                  -1  1    378880  ultralytics.nn.modules.block.C3k2            [384, 256, 1, True]           
 23        [16, 19, 22]  1    433597  ultralytics.nn.modules.head.Detect           [15, [64, 128, 256]]          
YOLO11n summary: 319 layers, 2,592,765 parameters, 2,592,749 gradients, 6.5 GFLOPs

Transferred 448/499 items from pretrained weights
Freezing layer 'model.23.dfl.conv.weight'
[34m[1mAMP: [0mrunning Automatic Mixed Precision (AMP) checks...
[34m[1mAMP: [0mchecks passed ✅
[34m[1mtrain: [0mNew cache created: /home/jaclin/mfly_yolo/mfly_yolo/datasets/train/labels.cache
[34m[1mval: [0mNew cache created: /home/jaclin/mfly_yolo/mfly_yolo/datasets/val/labels.cache
Plotting labels to /home/jaclin/mfly_yolo/mfly_yolo/runs/detect/train14/labels.jpg... 
[34m[1moptimizer:[0m AdamW(lr=0.01, momentum=0.937) with parameter groups 81 weight(decay=0.0), 88 weight(decay=0.0005), 87 bias(decay=0.0)
Image sizes 640 train, 640 val
Using 8 dataloader workers
Logging results to [1m/home/jaclin/mfly_yolo/mfly_yolo/runs/detect/train14[0m
Starting training for 100 epochs...

      Epoch    GPU_mem   box_loss   cls_loss   dfl_loss  Instances       Size
                   all       1500       9000      0.662      0.725      0.747      0.517

      Epoch    GPU_mem   box_loss   cls_loss   dfl_loss  Instances       Size
                   all       1500       9000      0.914      0.893       0.97      0.779

      Epoch    GPU_mem   box_loss   cls_loss   dfl_loss  Instances       Size
                   all       1500       9000      0.883      0.916      0.955      0.774

      Epoch    GPU_mem   box_loss   cls_loss   dfl_loss  Instances       Size
                   all       1500       9000      0.945      0.962      0.976      0.828

      Epoch    GPU_mem   box_loss   cls_loss   dfl_loss  Instances       Size
                   all       1500       9000      0.931      0.941      0.983      0.838

      Epoch    GPU_mem   box_loss   cls_loss   dfl_loss  Instances       Size
                   all       1500       9000      0.984      0.983      0.993      0.867

      Epoch    GPU_mem   box_loss   cls_loss   dfl_loss  Instances       Size
                   all       1500       9000      0.842      0.886      0.925      0.767

      Epoch    GPU_mem   box_loss   cls_loss   dfl_loss  Instances       Size
                   all       1500       9000      0.995      0.993      0.994      0.902

      Epoch    GPU_mem   box_loss   cls_loss   dfl_loss  Instances       Size
                   all       1500       9000      0.978      0.983      0.993      0.888

      Epoch    GPU_mem   box_loss   cls_loss   dfl_loss  Instances       Size
                   all       1500       9000      0.997      0.997      0.995      0.892

      Epoch    GPU_mem   box_loss   cls_loss   dfl_loss  Instances       Size
                   all       1500       9000      0.992       0.99      0.993      0.912

      Epoch    GPU_mem   box_loss   cls_loss   dfl_loss  Instances       Size
                   all       1500       9000      0.937      0.925      0.978      0.841

      Epoch    GPU_mem   box_loss   cls_loss   dfl_loss  Instances       Size
                   all       1500       9000      0.995      0.994      0.995      0.912

      Epoch    GPU_mem   box_loss   cls_loss   dfl_loss  Instances       Size
                   all       1500       9000      0.997      0.995      0.995      0.927

      Epoch    GPU_mem   box_loss   cls_loss   dfl_loss  Instances       Size
                   all       1500       9000      0.997      0.996      0.995      0.925

      Epoch    GPU_mem   box_loss   cls_loss   dfl_loss  Instances       Size
                   all       1500       9000      0.996      0.997      0.995       0.92

      Epoch    GPU_mem   box_loss   cls_loss   dfl_loss  Instances       Size
                   all       1500       9000      0.995      0.995      0.995      0.907

      Epoch    GPU_mem   box_loss   cls_loss   dfl_loss  Instances       Size
                   all       1500       9000      0.998      0.997      0.995      0.929

      Epoch    GPU_mem   box_loss   cls_loss   dfl_loss  Instances       Size
                   all       1500       9000      0.998      0.997      0.995      0.929

      Epoch    GPU_mem   box_loss   cls_loss   dfl_loss  Instances       Size
                   all       1500       9000      0.998      0.997      0.995      0.933

      Epoch    GPU_mem   box_loss   cls_loss   dfl_loss  Instances       Size
                   all       1500       9000      0.999      0.996      0.995      0.916

      Epoch    GPU_mem   box_loss   cls_loss   dfl_loss  Instances       Size
                   all       1500       9000      0.944      0.958      0.986      0.857

      Epoch    GPU_mem   box_loss   cls_loss   dfl_loss  Instances       Size
                   all       1500       9000      0.999      0.997      0.995       0.93

      Epoch    GPU_mem   box_loss   cls_loss   dfl_loss  Instances       Size
                   all       1500       9000      0.999      0.997      0.995      0.934

      Epoch    GPU_mem   box_loss   cls_loss   dfl_loss  Instances       Size
                   all       1500       9000      0.997      0.997      0.995      0.912

      Epoch    GPU_mem   box_loss   cls_loss   dfl_loss  Instances       Size
                   all       1500       9000      0.999      0.997      0.995      0.938

      Epoch    GPU_mem   box_loss   cls_loss   dfl_loss  Instances       Size
                   all       1500       9000      0.997      0.996      0.995      0.921

      Epoch    GPU_mem   box_loss   cls_loss   dfl_loss  Instances       Size
                   all       1500       9000      0.998      0.996      0.995      0.931

      Epoch    GPU_mem   box_loss   cls_loss   dfl_loss  Instances       Size
                   all       1500       9000      0.998      0.996      0.995      0.934

      Epoch    GPU_mem   box_loss   cls_loss   dfl_loss  Instances       Size
                   all       1500       9000      0.998      0.998      0.995      0.935

      Epoch    GPU_mem   box_loss   cls_loss   dfl_loss  Instances       Size
                   all       1500       9000      0.998      0.996      0.995      0.932

      Epoch    GPU_mem   box_loss   cls_loss   dfl_loss  Instances       Size
                   all       1500       9000      0.999      0.998      0.995      0.938

      Epoch    GPU_mem   box_loss   cls_loss   dfl_loss  Instances       Size
                   all       1500       9000      0.999      0.998      0.995      0.934

      Epoch    GPU_mem   box_loss   cls_loss   dfl_loss  Instances       Size
                   all       1500       9000      0.998      0.998      0.995      0.933

      Epoch    GPU_mem   box_loss   cls_loss   dfl_loss  Instances       Size
                   all       1500       9000      0.998      0.997      0.995      0.926

      Epoch    GPU_mem   box_loss   cls_loss   dfl_loss  Instances       Size
                   all       1500       9000      0.999      0.997      0.995      0.944

      Epoch    GPU_mem   box_loss   cls_loss   dfl_loss  Instances       Size
                   all       1500       9000      0.997      0.997      0.995      0.928

      Epoch    GPU_mem   box_loss   cls_loss   dfl_loss  Instances       Size
                   all       1500       9000      0.998      0.998      0.995      0.938

      Epoch    GPU_mem   box_loss   cls_loss   dfl_loss  Instances       Size
                   all       1500       9000      0.998      0.998      0.995      0.932

      Epoch    GPU_mem   box_loss   cls_loss   dfl_loss  Instances       Size
                   all       1500       9000      0.999      0.998      0.995      0.941

      Epoch    GPU_mem   box_loss   cls_loss   dfl_loss  Instances       Size
                   all       1500       9000      0.998      0.998      0.995      0.936

      Epoch    GPU_mem   box_loss   cls_loss   dfl_loss  Instances       Size
                   all       1500       9000      0.998      0.999      0.995      0.935

      Epoch    GPU_mem   box_loss   cls_loss   dfl_loss  Instances       Size
                   all       1500       9000      0.999      0.999      0.995      0.935

      Epoch    GPU_mem   box_loss   cls_loss   dfl_loss  Instances       Size
                   all       1500       9000      0.998      0.998      0.995      0.938

      Epoch    GPU_mem   box_loss   cls_loss   dfl_loss  Instances       Size
                   all       1500       9000      0.999      0.999      0.995      0.934

      Epoch    GPU_mem   box_loss   cls_loss   dfl_loss  Instances       Size
                   all       1500       9000      0.999      0.999      0.995      0.945

      Epoch    GPU_mem   box_loss   cls_loss   dfl_loss  Instances       Size
                   all       1500       9000      0.998      0.999      0.995      0.935

      Epoch    GPU_mem   box_loss   cls_loss   dfl_loss  Instances       Size
                   all       1500       9000      0.999      0.999      0.995      0.942

      Epoch    GPU_mem   box_loss   cls_loss   dfl_loss  Instances       Size
                   all       1500       9000      0.999      0.998      0.995      0.936

      Epoch    GPU_mem   box_loss   cls_loss   dfl_loss  Instances       Size
                   all       1500       9000      0.999      0.999      0.995      0.935

      Epoch    GPU_mem   box_loss   cls_loss   dfl_loss  Instances       Size
                   all       1500       9000      0.999      0.999      0.995       0.94

      Epoch    GPU_mem   box_loss   cls_loss   dfl_loss  Instances       Size
                   all       1500       9000      0.999      0.999      0.995      0.947

      Epoch    GPU_mem   box_loss   cls_loss   dfl_loss  Instances       Size
                   all       1500       9000      0.999      0.999      0.995      0.945

      Epoch    GPU_mem   box_loss   cls_loss   dfl_loss  Instances       Size
                   all       1500       9000      0.999      0.999      0.995      0.935

      Epoch    GPU_mem   box_loss   cls_loss   dfl_loss  Instances       Size
                   all       1500       9000      0.999      0.999      0.995      0.943

      Epoch    GPU_mem   box_loss   cls_loss   dfl_loss  Instances       Size
                   all       1500       9000      0.998      0.999      0.995      0.937

      Epoch    GPU_mem   box_loss   cls_loss   dfl_loss  Instances       Size
                   all       1500       9000      0.999      0.999      0.995      0.946

      Epoch    GPU_mem   box_loss   cls_loss   dfl_loss  Instances       Size
                   all       1500       9000      0.999      0.999      0.995       0.94

      Epoch    GPU_mem   box_loss   cls_loss   dfl_loss  Instances       Size
                   all       1500       9000      0.999      0.999      0.995      0.947

      Epoch    GPU_mem   box_loss   cls_loss   dfl_loss  Instances       Size
                   all       1500       9000      0.999      0.998      0.995      0.946

      Epoch    GPU_mem   box_loss   cls_loss   dfl_loss  Instances       Size
                   all       1500       9000      0.999      0.999      0.995      0.946

      Epoch    GPU_mem   box_loss   cls_loss   dfl_loss  Instances       Size
                   all       1500       9000      0.999      0.999      0.995      0.946

      Epoch    GPU_mem   box_loss   cls_loss   dfl_loss  Instances       Size
                   all       1500       9000      0.999      0.999      0.995      0.943

      Epoch    GPU_mem   box_loss   cls_loss   dfl_loss  Instances       Size
                   all       1500       9000      0.999      0.999      0.995      0.941

      Epoch    GPU_mem   box_loss   cls_loss   dfl_loss  Instances       Size
                   all       1500       9000      0.999      0.999      0.995      0.939

      Epoch    GPU_mem   box_loss   cls_loss   dfl_loss  Instances       Size
                   all       1500       9000      0.999      0.999      0.995      0.946

      Epoch    GPU_mem   box_loss   cls_loss   dfl_loss  Instances       Size
                   all       1500       9000      0.999      0.999      0.995      0.945

      Epoch    GPU_mem   box_loss   cls_loss   dfl_loss  Instances       Size
                   all       1500       9000      0.999      0.999      0.995      0.944

      Epoch    GPU_mem   box_loss   cls_loss   dfl_loss  Instances       Size
                   all       1500       9000      0.999      0.999      0.995      0.945

      Epoch    GPU_mem   box_loss   cls_loss   dfl_loss  Instances       Size
                   all       1500       9000      0.999      0.999      0.995      0.944

      Epoch    GPU_mem   box_loss   cls_loss   dfl_loss  Instances       Size
                   all       1500       9000      0.999      0.999      0.995      0.946

      Epoch    GPU_mem   box_loss   cls_loss   dfl_loss  Instances       Size
                   all       1500       9000      0.999      0.999      0.995       0.95

      Epoch    GPU_mem   box_loss   cls_loss   dfl_loss  Instances       Size
                   all       1500       9000      0.999      0.999      0.995      0.944

      Epoch    GPU_mem   box_loss   cls_loss   dfl_loss  Instances       Size
                   all       1500       9000      0.999      0.999      0.995      0.949

      Epoch    GPU_mem   box_loss   cls_loss   dfl_loss  Instances       Size
                   all       1500       9000      0.999      0.999      0.995      0.945

      Epoch    GPU_mem   box_loss   cls_loss   dfl_loss  Instances       Size
                   all       1500       9000      0.999      0.999      0.995      0.943

      Epoch    GPU_mem   box_loss   cls_loss   dfl_loss  Instances       Size
                   all       1500       9000      0.999      0.999      0.995      0.944

      Epoch    GPU_mem   box_loss   cls_loss   dfl_loss  Instances       Size
                   all       1500       9000      0.999      0.999      0.995      0.942

      Epoch    GPU_mem   box_loss   cls_loss   dfl_loss  Instances       Size
                   all       1500       9000      0.999      0.999      0.995      0.943

      Epoch    GPU_mem   box_loss   cls_loss   dfl_loss  Instances       Size
                   all       1500       9000          1      0.999      0.995      0.943

      Epoch    GPU_mem   box_loss   cls_loss   dfl_loss  Instances       Size
                   all       1500       9000          1      0.999      0.995      0.946

      Epoch    GPU_mem   box_loss   cls_loss   dfl_loss  Instances       Size
                   all       1500       9000      0.999      0.999      0.995      0.944

      Epoch    GPU_mem   box_loss   cls_loss   dfl_loss  Instances       Size
                   all       1500       9000          1      0.999      0.995      0.943

      Epoch    GPU_mem   box_loss   cls_loss   dfl_loss  Instances       Size
                   all       1500       9000      0.999      0.999      0.995      0.942

      Epoch    GPU_mem   box_loss   cls_loss   dfl_loss  Instances       Size
                   all       1500       9000      0.999      0.999      0.995      0.942

      Epoch    GPU_mem   box_loss   cls_loss   dfl_loss  Instances       Size
                   all       1500       9000          1      0.999      0.995      0.941

      Epoch    GPU_mem   box_loss   cls_loss   dfl_loss  Instances       Size
                   all       1500       9000      0.999      0.999      0.995      0.942

      Epoch    GPU_mem   box_loss   cls_loss   dfl_loss  Instances       Size
                   all       1500       9000      0.999      0.999      0.995      0.944

      Epoch    GPU_mem   box_loss   cls_loss   dfl_loss  Instances       Size
                   all       1500       9000      0.999      0.999      0.995      0.943

      Epoch    GPU_mem   box_loss   cls_loss   dfl_loss  Instances       Size
                   all       1500       9000      0.999      0.999      0.995      0.942
Closing dataloader mosaic

      Epoch    GPU_mem   box_loss   cls_loss   dfl_loss  Instances       Size
                   all       1500       9000      0.999      0.999      0.995      0.942

      Epoch    GPU_mem   box_loss   cls_loss   dfl_loss  Instances       Size
                   all       1500       9000          1      0.999      0.995      0.945

      Epoch    GPU_mem   box_loss   cls_loss   dfl_loss  Instances       Size
                   all       1500       9000          1      0.999      0.995      0.945

      Epoch    GPU_mem   box_loss   cls_loss   dfl_loss  Instances       Size
                   all       1500       9000          1      0.999      0.995      0.945

      Epoch    GPU_mem   box_loss   cls_loss   dfl_loss  Instances       Size
                   all       1500       9000          1      0.999      0.995      0.945

      Epoch    GPU_mem   box_loss   cls_loss   dfl_loss  Instances       Size
                   all       1500       9000          1      0.999      0.995      0.945

      Epoch    GPU_mem   box_loss   cls_loss   dfl_loss  Instances       Size
                   all       1500       9000          1      0.999      0.995      0.946

      Epoch    GPU_mem   box_loss   cls_loss   dfl_loss  Instances       Size
                   all       1500       9000          1      0.999      0.995      0.945

      Epoch    GPU_mem   box_loss   cls_loss   dfl_loss  Instances       Size
                   all       1500       9000          1      0.999      0.995      0.945

      Epoch    GPU_mem   box_loss   cls_loss   dfl_loss  Instances       Size
                   all       1500       9000          1      0.999      0.995      0.944

100 epochs completed in 1.211 hours.
Optimizer stripped from /home/jaclin/mfly_yolo/mfly_yolo/runs/detect/train14/weights/last.pt, 5.5MB
Optimizer stripped from /home/jaclin/mfly_yolo/mfly_yolo/runs/detect/train14/weights/best.pt, 5.5MB

Validating /home/jaclin/mfly_yolo/mfly_yolo/runs/detect/train14/weights/best.pt...
Ultralytics 8.3.75 🚀 Python-3.12.1 torch-2.6.0+cu124 CUDA:0 (Tesla V100-PCIE-16GB, 16144MiB)
YOLO11n summary (fused): 238 layers, 2,585,077 parameters, 0 gradients, 6.3 GFLOPs
                   all       1500       9000      0.999      0.999      0.995       0.95
      Person/Mannequin        667        799      0.999      0.999      0.995      0.925
                   Car        396        422      0.999          1      0.995       0.91
              Airplane        565        636      0.998      0.991      0.995      0.875
                   Bus       1002       1449      0.999          1      0.995      0.984
                  Boat        912       1214          1          1      0.995      0.955
             Stop Sign        687        833          1          1      0.995      0.995
             Snowboard        560        633          1          1      0.995      0.984
              Umbrella        202        202      0.999          1      0.995      0.995
           Sports Ball        552        617          1          1      0.995      0.995
          Baseball Bat        368        389          1          1      0.995      0.907
          Bed/Mattress        338        358          1      0.997      0.995      0.989
         Tennis Racket        193        193      0.998          1      0.995       0.93
              Suitcase        690        847          1          1      0.995      0.985
                  Skis        387        408          1          1      0.995      0.878
Speed: 0.1ms preprocess, 0.8ms inference, 0.0ms loss, 0.6ms postprocess per image
Results saved to [1m/home/jaclin/mfly_yolo/mfly_yolo/runs/detect/train14[0m
